[2025-12-14T04:44:18.088+0000] {processor.py:157} INFO - Started process (PID=32) to work on /home/airflow/dags/__init__.py
[2025-12-14T04:44:18.089+0000] {processor.py:829} INFO - Processing file /home/airflow/dags/__init__.py for tasks to queue
[2025-12-14T04:44:18.091+0000] {logging_mixin.py:154} INFO - [2025-12-14T04:44:18.090+0000] {dagbag.py:536} INFO - Filling up the DagBag from /home/airflow/dags/__init__.py
[2025-12-14T04:44:18.095+0000] {processor.py:841} WARNING - No viable dags retrieved from /home/airflow/dags/__init__.py
[2025-12-14T04:44:18.107+0000] {processor.py:179} INFO - Processing /home/airflow/dags/__init__.py took 0.022 seconds
[2025-12-14T04:44:49.197+0000] {processor.py:157} INFO - Started process (PID=35) to work on /home/airflow/dags/__init__.py
[2025-12-14T04:44:49.204+0000] {processor.py:829} INFO - Processing file /home/airflow/dags/__init__.py for tasks to queue
[2025-12-14T04:44:49.206+0000] {logging_mixin.py:154} INFO - [2025-12-14T04:44:49.205+0000] {dagbag.py:536} INFO - Filling up the DagBag from /home/airflow/dags/__init__.py
[2025-12-14T04:44:49.209+0000] {processor.py:841} WARNING - No viable dags retrieved from /home/airflow/dags/__init__.py
[2025-12-14T04:44:49.216+0000] {processor.py:179} INFO - Processing /home/airflow/dags/__init__.py took 0.021 seconds
[2025-12-14T04:45:19.547+0000] {processor.py:157} INFO - Started process (PID=38) to work on /home/airflow/dags/__init__.py
[2025-12-14T04:45:19.548+0000] {processor.py:829} INFO - Processing file /home/airflow/dags/__init__.py for tasks to queue
[2025-12-14T04:45:19.548+0000] {logging_mixin.py:154} INFO - [2025-12-14T04:45:19.548+0000] {dagbag.py:536} INFO - Filling up the DagBag from /home/airflow/dags/__init__.py
[2025-12-14T04:45:19.550+0000] {processor.py:841} WARNING - No viable dags retrieved from /home/airflow/dags/__init__.py
[2025-12-14T04:45:19.562+0000] {processor.py:179} INFO - Processing /home/airflow/dags/__init__.py took 0.017 seconds
[2025-12-14T04:45:49.900+0000] {processor.py:157} INFO - Started process (PID=41) to work on /home/airflow/dags/__init__.py
[2025-12-14T04:45:49.907+0000] {processor.py:829} INFO - Processing file /home/airflow/dags/__init__.py for tasks to queue
[2025-12-14T04:45:49.908+0000] {logging_mixin.py:154} INFO - [2025-12-14T04:45:49.908+0000] {dagbag.py:536} INFO - Filling up the DagBag from /home/airflow/dags/__init__.py
[2025-12-14T04:45:49.910+0000] {processor.py:841} WARNING - No viable dags retrieved from /home/airflow/dags/__init__.py
[2025-12-14T04:45:49.918+0000] {processor.py:179} INFO - Processing /home/airflow/dags/__init__.py took 0.020 seconds
[2025-12-14T04:46:20.228+0000] {processor.py:157} INFO - Started process (PID=44) to work on /home/airflow/dags/__init__.py
[2025-12-14T04:46:20.229+0000] {processor.py:829} INFO - Processing file /home/airflow/dags/__init__.py for tasks to queue
[2025-12-14T04:46:20.229+0000] {logging_mixin.py:154} INFO - [2025-12-14T04:46:20.229+0000] {dagbag.py:536} INFO - Filling up the DagBag from /home/airflow/dags/__init__.py
[2025-12-14T04:46:20.231+0000] {processor.py:841} WARNING - No viable dags retrieved from /home/airflow/dags/__init__.py
[2025-12-14T04:46:20.236+0000] {processor.py:179} INFO - Processing /home/airflow/dags/__init__.py took 0.010 seconds
[2025-12-14T04:46:50.485+0000] {processor.py:157} INFO - Started process (PID=47) to work on /home/airflow/dags/__init__.py
[2025-12-14T04:46:50.492+0000] {processor.py:829} INFO - Processing file /home/airflow/dags/__init__.py for tasks to queue
[2025-12-14T04:46:50.492+0000] {logging_mixin.py:154} INFO - [2025-12-14T04:46:50.492+0000] {dagbag.py:536} INFO - Filling up the DagBag from /home/airflow/dags/__init__.py
[2025-12-14T04:46:50.494+0000] {processor.py:841} WARNING - No viable dags retrieved from /home/airflow/dags/__init__.py
[2025-12-14T04:46:50.500+0000] {processor.py:179} INFO - Processing /home/airflow/dags/__init__.py took 0.017 seconds
[2025-12-14T04:47:15.560+0000] {processor.py:157} INFO - Started process (PID=32) to work on /home/airflow/dags/__init__.py
[2025-12-14T04:47:15.567+0000] {processor.py:829} INFO - Processing file /home/airflow/dags/__init__.py for tasks to queue
[2025-12-14T04:47:15.569+0000] {logging_mixin.py:154} INFO - [2025-12-14T04:47:15.568+0000] {dagbag.py:536} INFO - Filling up the DagBag from /home/airflow/dags/__init__.py
[2025-12-14T04:47:15.571+0000] {processor.py:841} WARNING - No viable dags retrieved from /home/airflow/dags/__init__.py
[2025-12-14T04:47:15.585+0000] {processor.py:179} INFO - Processing /home/airflow/dags/__init__.py took 0.027 seconds
[2025-12-14T04:47:46.613+0000] {processor.py:157} INFO - Started process (PID=35) to work on /home/airflow/dags/__init__.py
[2025-12-14T04:47:46.613+0000] {processor.py:829} INFO - Processing file /home/airflow/dags/__init__.py for tasks to queue
[2025-12-14T04:47:46.614+0000] {logging_mixin.py:154} INFO - [2025-12-14T04:47:46.614+0000] {dagbag.py:536} INFO - Filling up the DagBag from /home/airflow/dags/__init__.py
[2025-12-14T04:47:46.615+0000] {processor.py:841} WARNING - No viable dags retrieved from /home/airflow/dags/__init__.py
[2025-12-14T04:47:46.622+0000] {processor.py:179} INFO - Processing /home/airflow/dags/__init__.py took 0.011 seconds
[2025-12-14T04:48:16.859+0000] {processor.py:157} INFO - Started process (PID=38) to work on /home/airflow/dags/__init__.py
[2025-12-14T04:48:16.865+0000] {processor.py:829} INFO - Processing file /home/airflow/dags/__init__.py for tasks to queue
[2025-12-14T04:48:16.867+0000] {logging_mixin.py:154} INFO - [2025-12-14T04:48:16.866+0000] {dagbag.py:536} INFO - Filling up the DagBag from /home/airflow/dags/__init__.py
[2025-12-14T04:48:16.870+0000] {processor.py:841} WARNING - No viable dags retrieved from /home/airflow/dags/__init__.py
[2025-12-14T04:48:16.878+0000] {processor.py:179} INFO - Processing /home/airflow/dags/__init__.py took 0.020 seconds
[2025-12-14T04:48:47.084+0000] {processor.py:157} INFO - Started process (PID=41) to work on /home/airflow/dags/__init__.py
[2025-12-14T04:48:47.085+0000] {processor.py:829} INFO - Processing file /home/airflow/dags/__init__.py for tasks to queue
[2025-12-14T04:48:47.085+0000] {logging_mixin.py:154} INFO - [2025-12-14T04:48:47.085+0000] {dagbag.py:536} INFO - Filling up the DagBag from /home/airflow/dags/__init__.py
[2025-12-14T04:48:47.087+0000] {processor.py:841} WARNING - No viable dags retrieved from /home/airflow/dags/__init__.py
[2025-12-14T04:48:47.093+0000] {processor.py:179} INFO - Processing /home/airflow/dags/__init__.py took 0.011 seconds
[2025-12-14T04:49:17.339+0000] {processor.py:157} INFO - Started process (PID=44) to work on /home/airflow/dags/__init__.py
[2025-12-14T04:49:17.345+0000] {processor.py:829} INFO - Processing file /home/airflow/dags/__init__.py for tasks to queue
[2025-12-14T04:49:17.346+0000] {logging_mixin.py:154} INFO - [2025-12-14T04:49:17.346+0000] {dagbag.py:536} INFO - Filling up the DagBag from /home/airflow/dags/__init__.py
[2025-12-14T04:49:17.347+0000] {processor.py:841} WARNING - No viable dags retrieved from /home/airflow/dags/__init__.py
[2025-12-14T04:49:17.354+0000] {processor.py:179} INFO - Processing /home/airflow/dags/__init__.py took 0.017 seconds
[2025-12-14T04:49:47.582+0000] {processor.py:157} INFO - Started process (PID=47) to work on /home/airflow/dags/__init__.py
[2025-12-14T04:49:47.582+0000] {processor.py:829} INFO - Processing file /home/airflow/dags/__init__.py for tasks to queue
[2025-12-14T04:49:47.583+0000] {logging_mixin.py:154} INFO - [2025-12-14T04:49:47.583+0000] {dagbag.py:536} INFO - Filling up the DagBag from /home/airflow/dags/__init__.py
[2025-12-14T04:49:47.585+0000] {processor.py:841} WARNING - No viable dags retrieved from /home/airflow/dags/__init__.py
[2025-12-14T04:49:47.592+0000] {processor.py:179} INFO - Processing /home/airflow/dags/__init__.py took 0.012 seconds
[2025-12-14T04:50:17.781+0000] {processor.py:157} INFO - Started process (PID=50) to work on /home/airflow/dags/__init__.py
[2025-12-14T04:50:17.787+0000] {processor.py:829} INFO - Processing file /home/airflow/dags/__init__.py for tasks to queue
[2025-12-14T04:50:17.788+0000] {logging_mixin.py:154} INFO - [2025-12-14T04:50:17.788+0000] {dagbag.py:536} INFO - Filling up the DagBag from /home/airflow/dags/__init__.py
[2025-12-14T04:50:17.789+0000] {processor.py:841} WARNING - No viable dags retrieved from /home/airflow/dags/__init__.py
[2025-12-14T04:50:17.796+0000] {processor.py:179} INFO - Processing /home/airflow/dags/__init__.py took 0.018 seconds
[2025-12-14T04:50:48.015+0000] {processor.py:157} INFO - Started process (PID=53) to work on /home/airflow/dags/__init__.py
[2025-12-14T04:50:48.016+0000] {processor.py:829} INFO - Processing file /home/airflow/dags/__init__.py for tasks to queue
[2025-12-14T04:50:48.018+0000] {logging_mixin.py:154} INFO - [2025-12-14T04:50:48.017+0000] {dagbag.py:536} INFO - Filling up the DagBag from /home/airflow/dags/__init__.py
[2025-12-14T04:50:48.022+0000] {processor.py:841} WARNING - No viable dags retrieved from /home/airflow/dags/__init__.py
[2025-12-14T04:50:48.038+0000] {processor.py:179} INFO - Processing /home/airflow/dags/__init__.py took 0.028 seconds
[2025-12-14T04:51:18.270+0000] {processor.py:157} INFO - Started process (PID=56) to work on /home/airflow/dags/__init__.py
[2025-12-14T04:51:18.276+0000] {processor.py:829} INFO - Processing file /home/airflow/dags/__init__.py for tasks to queue
[2025-12-14T04:51:18.277+0000] {logging_mixin.py:154} INFO - [2025-12-14T04:51:18.277+0000] {dagbag.py:536} INFO - Filling up the DagBag from /home/airflow/dags/__init__.py
[2025-12-14T04:51:18.278+0000] {processor.py:841} WARNING - No viable dags retrieved from /home/airflow/dags/__init__.py
[2025-12-14T04:51:18.287+0000] {processor.py:179} INFO - Processing /home/airflow/dags/__init__.py took 0.019 seconds
[2025-12-14T04:51:48.450+0000] {processor.py:157} INFO - Started process (PID=59) to work on /home/airflow/dags/__init__.py
[2025-12-14T04:51:48.451+0000] {processor.py:829} INFO - Processing file /home/airflow/dags/__init__.py for tasks to queue
[2025-12-14T04:51:48.452+0000] {logging_mixin.py:154} INFO - [2025-12-14T04:51:48.452+0000] {dagbag.py:536} INFO - Filling up the DagBag from /home/airflow/dags/__init__.py
[2025-12-14T04:51:48.454+0000] {processor.py:841} WARNING - No viable dags retrieved from /home/airflow/dags/__init__.py
[2025-12-14T04:51:48.461+0000] {processor.py:179} INFO - Processing /home/airflow/dags/__init__.py took 0.014 seconds
[2025-12-14T04:52:18.669+0000] {processor.py:157} INFO - Started process (PID=62) to work on /home/airflow/dags/__init__.py
[2025-12-14T04:52:18.675+0000] {processor.py:829} INFO - Processing file /home/airflow/dags/__init__.py for tasks to queue
[2025-12-14T04:52:18.676+0000] {logging_mixin.py:154} INFO - [2025-12-14T04:52:18.675+0000] {dagbag.py:536} INFO - Filling up the DagBag from /home/airflow/dags/__init__.py
[2025-12-14T04:52:18.677+0000] {processor.py:841} WARNING - No viable dags retrieved from /home/airflow/dags/__init__.py
[2025-12-14T04:52:18.686+0000] {processor.py:179} INFO - Processing /home/airflow/dags/__init__.py took 0.020 seconds
[2025-12-14T04:52:48.880+0000] {processor.py:157} INFO - Started process (PID=65) to work on /home/airflow/dags/__init__.py
[2025-12-14T04:52:48.881+0000] {processor.py:829} INFO - Processing file /home/airflow/dags/__init__.py for tasks to queue
[2025-12-14T04:52:48.883+0000] {logging_mixin.py:154} INFO - [2025-12-14T04:52:48.882+0000] {dagbag.py:536} INFO - Filling up the DagBag from /home/airflow/dags/__init__.py
[2025-12-14T04:52:48.885+0000] {processor.py:841} WARNING - No viable dags retrieved from /home/airflow/dags/__init__.py
[2025-12-14T04:52:48.895+0000] {processor.py:179} INFO - Processing /home/airflow/dags/__init__.py took 0.017 seconds
[2025-12-14T04:53:19.108+0000] {processor.py:157} INFO - Started process (PID=68) to work on /home/airflow/dags/__init__.py
[2025-12-14T04:53:19.115+0000] {processor.py:829} INFO - Processing file /home/airflow/dags/__init__.py for tasks to queue
[2025-12-14T04:53:19.118+0000] {logging_mixin.py:154} INFO - [2025-12-14T04:53:19.116+0000] {dagbag.py:536} INFO - Filling up the DagBag from /home/airflow/dags/__init__.py
[2025-12-14T04:53:19.121+0000] {processor.py:841} WARNING - No viable dags retrieved from /home/airflow/dags/__init__.py
[2025-12-14T04:53:19.135+0000] {processor.py:179} INFO - Processing /home/airflow/dags/__init__.py took 0.032 seconds
[2025-12-14T04:53:49.380+0000] {processor.py:157} INFO - Started process (PID=71) to work on /home/airflow/dags/__init__.py
[2025-12-14T04:53:49.381+0000] {processor.py:829} INFO - Processing file /home/airflow/dags/__init__.py for tasks to queue
[2025-12-14T04:53:49.382+0000] {logging_mixin.py:154} INFO - [2025-12-14T04:53:49.381+0000] {dagbag.py:536} INFO - Filling up the DagBag from /home/airflow/dags/__init__.py
[2025-12-14T04:53:49.384+0000] {processor.py:841} WARNING - No viable dags retrieved from /home/airflow/dags/__init__.py
[2025-12-14T04:53:49.395+0000] {processor.py:179} INFO - Processing /home/airflow/dags/__init__.py took 0.020 seconds
[2025-12-14T04:54:22.655+0000] {processor.py:157} INFO - Started process (PID=90) to work on /home/airflow/dags/__init__.py
[2025-12-14T04:54:22.656+0000] {processor.py:829} INFO - Processing file /home/airflow/dags/__init__.py for tasks to queue
[2025-12-14T04:54:22.657+0000] {logging_mixin.py:154} INFO - [2025-12-14T04:54:22.656+0000] {dagbag.py:536} INFO - Filling up the DagBag from /home/airflow/dags/__init__.py
[2025-12-14T04:54:22.658+0000] {processor.py:841} WARNING - No viable dags retrieved from /home/airflow/dags/__init__.py
[2025-12-14T04:54:22.665+0000] {processor.py:179} INFO - Processing /home/airflow/dags/__init__.py took 0.012 seconds
[2025-12-14T04:54:53.064+0000] {processor.py:157} INFO - Started process (PID=133) to work on /home/airflow/dags/__init__.py
[2025-12-14T04:54:53.065+0000] {processor.py:829} INFO - Processing file /home/airflow/dags/__init__.py for tasks to queue
[2025-12-14T04:54:53.066+0000] {logging_mixin.py:154} INFO - [2025-12-14T04:54:53.066+0000] {dagbag.py:536} INFO - Filling up the DagBag from /home/airflow/dags/__init__.py
[2025-12-14T04:54:53.068+0000] {processor.py:841} WARNING - No viable dags retrieved from /home/airflow/dags/__init__.py
[2025-12-14T04:54:53.076+0000] {processor.py:179} INFO - Processing /home/airflow/dags/__init__.py took 0.015 seconds
[2025-12-14T04:55:14.259+0000] {processor.py:157} INFO - Started process (PID=32) to work on /home/airflow/dags/__init__.py
[2025-12-14T04:55:14.260+0000] {processor.py:829} INFO - Processing file /home/airflow/dags/__init__.py for tasks to queue
[2025-12-14T04:55:14.261+0000] {logging_mixin.py:154} INFO - [2025-12-14T04:55:14.260+0000] {dagbag.py:536} INFO - Filling up the DagBag from /home/airflow/dags/__init__.py
[2025-12-14T04:55:14.262+0000] {processor.py:841} WARNING - No viable dags retrieved from /home/airflow/dags/__init__.py
[2025-12-14T04:55:14.271+0000] {processor.py:179} INFO - Processing /home/airflow/dags/__init__.py took 0.018 seconds
[2025-12-14T04:55:44.607+0000] {processor.py:157} INFO - Started process (PID=35) to work on /home/airflow/dags/__init__.py
[2025-12-14T04:55:44.613+0000] {processor.py:829} INFO - Processing file /home/airflow/dags/__init__.py for tasks to queue
[2025-12-14T04:55:44.614+0000] {logging_mixin.py:154} INFO - [2025-12-14T04:55:44.614+0000] {dagbag.py:536} INFO - Filling up the DagBag from /home/airflow/dags/__init__.py
[2025-12-14T04:55:44.619+0000] {processor.py:841} WARNING - No viable dags retrieved from /home/airflow/dags/__init__.py
[2025-12-14T04:55:44.628+0000] {processor.py:179} INFO - Processing /home/airflow/dags/__init__.py took 0.023 seconds
[2025-12-14T04:56:15.379+0000] {processor.py:157} INFO - Started process (PID=44) to work on /home/airflow/dags/__init__.py
[2025-12-14T04:56:15.379+0000] {processor.py:829} INFO - Processing file /home/airflow/dags/__init__.py for tasks to queue
[2025-12-14T04:56:15.380+0000] {logging_mixin.py:154} INFO - [2025-12-14T04:56:15.380+0000] {dagbag.py:536} INFO - Filling up the DagBag from /home/airflow/dags/__init__.py
[2025-12-14T04:56:15.384+0000] {processor.py:841} WARNING - No viable dags retrieved from /home/airflow/dags/__init__.py
[2025-12-14T04:56:15.396+0000] {processor.py:179} INFO - Processing /home/airflow/dags/__init__.py took 0.019 seconds
[2025-12-14T04:56:45.795+0000] {processor.py:157} INFO - Started process (PID=53) to work on /home/airflow/dags/__init__.py
[2025-12-14T04:56:45.797+0000] {processor.py:829} INFO - Processing file /home/airflow/dags/__init__.py for tasks to queue
[2025-12-14T04:56:45.798+0000] {logging_mixin.py:154} INFO - [2025-12-14T04:56:45.797+0000] {dagbag.py:536} INFO - Filling up the DagBag from /home/airflow/dags/__init__.py
[2025-12-14T04:56:45.802+0000] {processor.py:841} WARNING - No viable dags retrieved from /home/airflow/dags/__init__.py
[2025-12-14T04:56:45.812+0000] {processor.py:179} INFO - Processing /home/airflow/dags/__init__.py took 0.020 seconds
[2025-12-14T04:57:16.171+0000] {processor.py:157} INFO - Started process (PID=56) to work on /home/airflow/dags/__init__.py
[2025-12-14T04:57:16.177+0000] {processor.py:829} INFO - Processing file /home/airflow/dags/__init__.py for tasks to queue
[2025-12-14T04:57:16.178+0000] {logging_mixin.py:154} INFO - [2025-12-14T04:57:16.177+0000] {dagbag.py:536} INFO - Filling up the DagBag from /home/airflow/dags/__init__.py
[2025-12-14T04:57:16.179+0000] {processor.py:841} WARNING - No viable dags retrieved from /home/airflow/dags/__init__.py
[2025-12-14T04:57:16.185+0000] {processor.py:179} INFO - Processing /home/airflow/dags/__init__.py took 0.016 seconds
[2025-12-14T04:57:46.787+0000] {processor.py:157} INFO - Started process (PID=59) to work on /home/airflow/dags/__init__.py
[2025-12-14T04:57:46.788+0000] {processor.py:829} INFO - Processing file /home/airflow/dags/__init__.py for tasks to queue
[2025-12-14T04:57:46.788+0000] {logging_mixin.py:154} INFO - [2025-12-14T04:57:46.788+0000] {dagbag.py:536} INFO - Filling up the DagBag from /home/airflow/dags/__init__.py
[2025-12-14T04:57:46.790+0000] {processor.py:841} WARNING - No viable dags retrieved from /home/airflow/dags/__init__.py
[2025-12-14T04:57:46.797+0000] {processor.py:179} INFO - Processing /home/airflow/dags/__init__.py took 0.012 seconds
[2025-12-14T04:58:17.903+0000] {processor.py:157} INFO - Started process (PID=62) to work on /home/airflow/dags/__init__.py
[2025-12-14T04:58:17.909+0000] {processor.py:829} INFO - Processing file /home/airflow/dags/__init__.py for tasks to queue
[2025-12-14T04:58:17.910+0000] {logging_mixin.py:154} INFO - [2025-12-14T04:58:17.910+0000] {dagbag.py:536} INFO - Filling up the DagBag from /home/airflow/dags/__init__.py
[2025-12-14T04:58:17.912+0000] {processor.py:841} WARNING - No viable dags retrieved from /home/airflow/dags/__init__.py
[2025-12-14T04:58:17.918+0000] {processor.py:179} INFO - Processing /home/airflow/dags/__init__.py took 0.016 seconds
[2025-12-14T04:58:48.137+0000] {processor.py:157} INFO - Started process (PID=65) to work on /home/airflow/dags/__init__.py
[2025-12-14T04:58:48.137+0000] {processor.py:829} INFO - Processing file /home/airflow/dags/__init__.py for tasks to queue
[2025-12-14T04:58:48.138+0000] {logging_mixin.py:154} INFO - [2025-12-14T04:58:48.138+0000] {dagbag.py:536} INFO - Filling up the DagBag from /home/airflow/dags/__init__.py
[2025-12-14T04:58:48.139+0000] {processor.py:841} WARNING - No viable dags retrieved from /home/airflow/dags/__init__.py
[2025-12-14T04:58:48.145+0000] {processor.py:179} INFO - Processing /home/airflow/dags/__init__.py took 0.009 seconds
[2025-12-14T04:59:18.379+0000] {processor.py:157} INFO - Started process (PID=68) to work on /home/airflow/dags/__init__.py
[2025-12-14T04:59:18.384+0000] {processor.py:829} INFO - Processing file /home/airflow/dags/__init__.py for tasks to queue
[2025-12-14T04:59:18.385+0000] {logging_mixin.py:154} INFO - [2025-12-14T04:59:18.385+0000] {dagbag.py:536} INFO - Filling up the DagBag from /home/airflow/dags/__init__.py
[2025-12-14T04:59:18.386+0000] {processor.py:841} WARNING - No viable dags retrieved from /home/airflow/dags/__init__.py
[2025-12-14T04:59:18.392+0000] {processor.py:179} INFO - Processing /home/airflow/dags/__init__.py took 0.015 seconds
[2025-12-14T04:59:48.514+0000] {processor.py:157} INFO - Started process (PID=89) to work on /home/airflow/dags/__init__.py
[2025-12-14T04:59:48.515+0000] {processor.py:829} INFO - Processing file /home/airflow/dags/__init__.py for tasks to queue
[2025-12-14T04:59:48.515+0000] {logging_mixin.py:154} INFO - [2025-12-14T04:59:48.515+0000] {dagbag.py:536} INFO - Filling up the DagBag from /home/airflow/dags/__init__.py
[2025-12-14T04:59:48.517+0000] {processor.py:841} WARNING - No viable dags retrieved from /home/airflow/dags/__init__.py
[2025-12-14T04:59:48.522+0000] {processor.py:179} INFO - Processing /home/airflow/dags/__init__.py took 0.010 seconds
[2025-12-14T05:00:18.771+0000] {processor.py:157} INFO - Started process (PID=92) to work on /home/airflow/dags/__init__.py
[2025-12-14T05:00:18.772+0000] {processor.py:829} INFO - Processing file /home/airflow/dags/__init__.py for tasks to queue
[2025-12-14T05:00:18.772+0000] {logging_mixin.py:154} INFO - [2025-12-14T05:00:18.772+0000] {dagbag.py:536} INFO - Filling up the DagBag from /home/airflow/dags/__init__.py
[2025-12-14T05:00:18.774+0000] {processor.py:841} WARNING - No viable dags retrieved from /home/airflow/dags/__init__.py
[2025-12-14T05:00:18.780+0000] {processor.py:179} INFO - Processing /home/airflow/dags/__init__.py took 0.011 seconds
[2025-12-14T05:00:49.086+0000] {processor.py:157} INFO - Started process (PID=95) to work on /home/airflow/dags/__init__.py
[2025-12-14T05:00:49.086+0000] {processor.py:829} INFO - Processing file /home/airflow/dags/__init__.py for tasks to queue
[2025-12-14T05:00:49.087+0000] {logging_mixin.py:154} INFO - [2025-12-14T05:00:49.087+0000] {dagbag.py:536} INFO - Filling up the DagBag from /home/airflow/dags/__init__.py
[2025-12-14T05:00:49.089+0000] {processor.py:841} WARNING - No viable dags retrieved from /home/airflow/dags/__init__.py
[2025-12-14T05:00:49.099+0000] {processor.py:179} INFO - Processing /home/airflow/dags/__init__.py took 0.014 seconds
[2025-12-14T05:01:19.408+0000] {processor.py:157} INFO - Started process (PID=98) to work on /home/airflow/dags/__init__.py
[2025-12-14T05:01:19.414+0000] {processor.py:829} INFO - Processing file /home/airflow/dags/__init__.py for tasks to queue
[2025-12-14T05:01:19.414+0000] {logging_mixin.py:154} INFO - [2025-12-14T05:01:19.414+0000] {dagbag.py:536} INFO - Filling up the DagBag from /home/airflow/dags/__init__.py
[2025-12-14T05:01:19.415+0000] {processor.py:841} WARNING - No viable dags retrieved from /home/airflow/dags/__init__.py
[2025-12-14T05:01:19.423+0000] {processor.py:179} INFO - Processing /home/airflow/dags/__init__.py took 0.017 seconds
[2025-12-14T05:01:49.753+0000] {processor.py:157} INFO - Started process (PID=101) to work on /home/airflow/dags/__init__.py
[2025-12-14T05:01:49.753+0000] {processor.py:829} INFO - Processing file /home/airflow/dags/__init__.py for tasks to queue
[2025-12-14T05:01:49.754+0000] {logging_mixin.py:154} INFO - [2025-12-14T05:01:49.754+0000] {dagbag.py:536} INFO - Filling up the DagBag from /home/airflow/dags/__init__.py
[2025-12-14T05:01:49.755+0000] {processor.py:841} WARNING - No viable dags retrieved from /home/airflow/dags/__init__.py
[2025-12-14T05:01:49.763+0000] {processor.py:179} INFO - Processing /home/airflow/dags/__init__.py took 0.013 seconds
[2025-12-14T05:02:20.189+0000] {processor.py:157} INFO - Started process (PID=104) to work on /home/airflow/dags/__init__.py
[2025-12-14T05:02:20.196+0000] {processor.py:829} INFO - Processing file /home/airflow/dags/__init__.py for tasks to queue
[2025-12-14T05:02:20.198+0000] {logging_mixin.py:154} INFO - [2025-12-14T05:02:20.197+0000] {dagbag.py:536} INFO - Filling up the DagBag from /home/airflow/dags/__init__.py
[2025-12-14T05:02:20.200+0000] {processor.py:841} WARNING - No viable dags retrieved from /home/airflow/dags/__init__.py
[2025-12-14T05:02:20.207+0000] {processor.py:179} INFO - Processing /home/airflow/dags/__init__.py took 0.019 seconds
[2025-12-14T05:02:50.532+0000] {processor.py:157} INFO - Started process (PID=107) to work on /home/airflow/dags/__init__.py
[2025-12-14T05:02:50.533+0000] {processor.py:829} INFO - Processing file /home/airflow/dags/__init__.py for tasks to queue
[2025-12-14T05:02:50.533+0000] {logging_mixin.py:154} INFO - [2025-12-14T05:02:50.533+0000] {dagbag.py:536} INFO - Filling up the DagBag from /home/airflow/dags/__init__.py
[2025-12-14T05:02:50.535+0000] {processor.py:841} WARNING - No viable dags retrieved from /home/airflow/dags/__init__.py
[2025-12-14T05:02:50.545+0000] {processor.py:179} INFO - Processing /home/airflow/dags/__init__.py took 0.015 seconds
[2025-12-14T05:03:20.867+0000] {processor.py:157} INFO - Started process (PID=110) to work on /home/airflow/dags/__init__.py
[2025-12-14T05:03:20.873+0000] {processor.py:829} INFO - Processing file /home/airflow/dags/__init__.py for tasks to queue
[2025-12-14T05:03:20.874+0000] {logging_mixin.py:154} INFO - [2025-12-14T05:03:20.873+0000] {dagbag.py:536} INFO - Filling up the DagBag from /home/airflow/dags/__init__.py
[2025-12-14T05:03:20.875+0000] {processor.py:841} WARNING - No viable dags retrieved from /home/airflow/dags/__init__.py
[2025-12-14T05:03:20.880+0000] {processor.py:179} INFO - Processing /home/airflow/dags/__init__.py took 0.015 seconds
[2025-12-14T05:03:51.214+0000] {processor.py:157} INFO - Started process (PID=113) to work on /home/airflow/dags/__init__.py
[2025-12-14T05:03:51.214+0000] {processor.py:829} INFO - Processing file /home/airflow/dags/__init__.py for tasks to queue
[2025-12-14T05:03:51.215+0000] {logging_mixin.py:154} INFO - [2025-12-14T05:03:51.215+0000] {dagbag.py:536} INFO - Filling up the DagBag from /home/airflow/dags/__init__.py
[2025-12-14T05:03:51.216+0000] {processor.py:841} WARNING - No viable dags retrieved from /home/airflow/dags/__init__.py
[2025-12-14T05:03:51.221+0000] {processor.py:179} INFO - Processing /home/airflow/dags/__init__.py took 0.009 seconds
[2025-12-14T05:04:21.565+0000] {processor.py:157} INFO - Started process (PID=116) to work on /home/airflow/dags/__init__.py
[2025-12-14T05:04:21.570+0000] {processor.py:829} INFO - Processing file /home/airflow/dags/__init__.py for tasks to queue
[2025-12-14T05:04:21.571+0000] {logging_mixin.py:154} INFO - [2025-12-14T05:04:21.571+0000] {dagbag.py:536} INFO - Filling up the DagBag from /home/airflow/dags/__init__.py
[2025-12-14T05:04:21.572+0000] {processor.py:841} WARNING - No viable dags retrieved from /home/airflow/dags/__init__.py
[2025-12-14T05:04:21.578+0000] {processor.py:179} INFO - Processing /home/airflow/dags/__init__.py took 0.015 seconds
[2025-12-14T05:04:51.875+0000] {processor.py:157} INFO - Started process (PID=137) to work on /home/airflow/dags/__init__.py
[2025-12-14T05:04:51.876+0000] {processor.py:829} INFO - Processing file /home/airflow/dags/__init__.py for tasks to queue
[2025-12-14T05:04:51.876+0000] {logging_mixin.py:154} INFO - [2025-12-14T05:04:51.876+0000] {dagbag.py:536} INFO - Filling up the DagBag from /home/airflow/dags/__init__.py
[2025-12-14T05:04:51.878+0000] {processor.py:841} WARNING - No viable dags retrieved from /home/airflow/dags/__init__.py
[2025-12-14T05:04:51.883+0000] {processor.py:179} INFO - Processing /home/airflow/dags/__init__.py took 0.010 seconds
[2025-12-14T05:05:22.179+0000] {processor.py:157} INFO - Started process (PID=140) to work on /home/airflow/dags/__init__.py
[2025-12-14T05:05:22.185+0000] {processor.py:829} INFO - Processing file /home/airflow/dags/__init__.py for tasks to queue
[2025-12-14T05:05:22.186+0000] {logging_mixin.py:154} INFO - [2025-12-14T05:05:22.185+0000] {dagbag.py:536} INFO - Filling up the DagBag from /home/airflow/dags/__init__.py
[2025-12-14T05:05:22.187+0000] {processor.py:841} WARNING - No viable dags retrieved from /home/airflow/dags/__init__.py
[2025-12-14T05:05:22.193+0000] {processor.py:179} INFO - Processing /home/airflow/dags/__init__.py took 0.016 seconds
[2025-12-14T05:05:52.467+0000] {processor.py:157} INFO - Started process (PID=143) to work on /home/airflow/dags/__init__.py
[2025-12-14T05:05:52.468+0000] {processor.py:829} INFO - Processing file /home/airflow/dags/__init__.py for tasks to queue
[2025-12-14T05:05:52.468+0000] {logging_mixin.py:154} INFO - [2025-12-14T05:05:52.468+0000] {dagbag.py:536} INFO - Filling up the DagBag from /home/airflow/dags/__init__.py
[2025-12-14T05:05:52.469+0000] {processor.py:841} WARNING - No viable dags retrieved from /home/airflow/dags/__init__.py
[2025-12-14T05:05:52.475+0000] {processor.py:179} INFO - Processing /home/airflow/dags/__init__.py took 0.009 seconds
[2025-12-14T05:06:22.760+0000] {processor.py:157} INFO - Started process (PID=146) to work on /home/airflow/dags/__init__.py
[2025-12-14T05:06:22.765+0000] {processor.py:829} INFO - Processing file /home/airflow/dags/__init__.py for tasks to queue
[2025-12-14T05:06:22.766+0000] {logging_mixin.py:154} INFO - [2025-12-14T05:06:22.766+0000] {dagbag.py:536} INFO - Filling up the DagBag from /home/airflow/dags/__init__.py
[2025-12-14T05:06:22.767+0000] {processor.py:841} WARNING - No viable dags retrieved from /home/airflow/dags/__init__.py
[2025-12-14T05:06:22.773+0000] {processor.py:179} INFO - Processing /home/airflow/dags/__init__.py took 0.015 seconds
[2025-12-14T05:06:53.057+0000] {processor.py:157} INFO - Started process (PID=149) to work on /home/airflow/dags/__init__.py
[2025-12-14T05:06:53.058+0000] {processor.py:829} INFO - Processing file /home/airflow/dags/__init__.py for tasks to queue
[2025-12-14T05:06:53.058+0000] {logging_mixin.py:154} INFO - [2025-12-14T05:06:53.058+0000] {dagbag.py:536} INFO - Filling up the DagBag from /home/airflow/dags/__init__.py
[2025-12-14T05:06:53.059+0000] {processor.py:841} WARNING - No viable dags retrieved from /home/airflow/dags/__init__.py
[2025-12-14T05:06:53.065+0000] {processor.py:179} INFO - Processing /home/airflow/dags/__init__.py took 0.010 seconds
[2025-12-14T05:07:23.354+0000] {processor.py:157} INFO - Started process (PID=152) to work on /home/airflow/dags/__init__.py
[2025-12-14T05:07:23.359+0000] {processor.py:829} INFO - Processing file /home/airflow/dags/__init__.py for tasks to queue
[2025-12-14T05:07:23.360+0000] {logging_mixin.py:154} INFO - [2025-12-14T05:07:23.360+0000] {dagbag.py:536} INFO - Filling up the DagBag from /home/airflow/dags/__init__.py
[2025-12-14T05:07:23.361+0000] {processor.py:841} WARNING - No viable dags retrieved from /home/airflow/dags/__init__.py
[2025-12-14T05:07:23.367+0000] {processor.py:179} INFO - Processing /home/airflow/dags/__init__.py took 0.015 seconds
[2025-12-14T05:07:53.746+0000] {processor.py:157} INFO - Started process (PID=155) to work on /home/airflow/dags/__init__.py
[2025-12-14T05:07:53.747+0000] {processor.py:829} INFO - Processing file /home/airflow/dags/__init__.py for tasks to queue
[2025-12-14T05:07:53.747+0000] {logging_mixin.py:154} INFO - [2025-12-14T05:07:53.747+0000] {dagbag.py:536} INFO - Filling up the DagBag from /home/airflow/dags/__init__.py
[2025-12-14T05:07:53.748+0000] {processor.py:841} WARNING - No viable dags retrieved from /home/airflow/dags/__init__.py
[2025-12-14T05:07:53.754+0000] {processor.py:179} INFO - Processing /home/airflow/dags/__init__.py took 0.010 seconds
[2025-12-14T05:08:24.054+0000] {processor.py:157} INFO - Started process (PID=158) to work on /home/airflow/dags/__init__.py
[2025-12-14T05:08:24.060+0000] {processor.py:829} INFO - Processing file /home/airflow/dags/__init__.py for tasks to queue
[2025-12-14T05:08:24.060+0000] {logging_mixin.py:154} INFO - [2025-12-14T05:08:24.060+0000] {dagbag.py:536} INFO - Filling up the DagBag from /home/airflow/dags/__init__.py
[2025-12-14T05:08:24.062+0000] {processor.py:841} WARNING - No viable dags retrieved from /home/airflow/dags/__init__.py
[2025-12-14T05:08:24.067+0000] {processor.py:179} INFO - Processing /home/airflow/dags/__init__.py took 0.015 seconds
[2025-12-14T05:08:54.341+0000] {processor.py:157} INFO - Started process (PID=161) to work on /home/airflow/dags/__init__.py
[2025-12-14T05:08:54.342+0000] {processor.py:829} INFO - Processing file /home/airflow/dags/__init__.py for tasks to queue
[2025-12-14T05:08:54.342+0000] {logging_mixin.py:154} INFO - [2025-12-14T05:08:54.342+0000] {dagbag.py:536} INFO - Filling up the DagBag from /home/airflow/dags/__init__.py
[2025-12-14T05:08:54.343+0000] {processor.py:841} WARNING - No viable dags retrieved from /home/airflow/dags/__init__.py
[2025-12-14T05:08:54.349+0000] {processor.py:179} INFO - Processing /home/airflow/dags/__init__.py took 0.010 seconds
[2025-12-14T05:09:24.514+0000] {processor.py:157} INFO - Started process (PID=164) to work on /home/airflow/dags/__init__.py
[2025-12-14T05:09:24.520+0000] {processor.py:829} INFO - Processing file /home/airflow/dags/__init__.py for tasks to queue
[2025-12-14T05:09:24.520+0000] {logging_mixin.py:154} INFO - [2025-12-14T05:09:24.520+0000] {dagbag.py:536} INFO - Filling up the DagBag from /home/airflow/dags/__init__.py
[2025-12-14T05:09:24.521+0000] {processor.py:841} WARNING - No viable dags retrieved from /home/airflow/dags/__init__.py
[2025-12-14T05:09:24.527+0000] {processor.py:179} INFO - Processing /home/airflow/dags/__init__.py took 0.015 seconds
[2025-12-14T05:09:54.686+0000] {processor.py:157} INFO - Started process (PID=167) to work on /home/airflow/dags/__init__.py
[2025-12-14T05:09:54.687+0000] {processor.py:829} INFO - Processing file /home/airflow/dags/__init__.py for tasks to queue
[2025-12-14T05:09:54.687+0000] {logging_mixin.py:154} INFO - [2025-12-14T05:09:54.687+0000] {dagbag.py:536} INFO - Filling up the DagBag from /home/airflow/dags/__init__.py
[2025-12-14T05:09:54.688+0000] {processor.py:841} WARNING - No viable dags retrieved from /home/airflow/dags/__init__.py
[2025-12-14T05:09:54.694+0000] {processor.py:179} INFO - Processing /home/airflow/dags/__init__.py took 0.009 seconds
[2025-12-14T05:10:24.859+0000] {processor.py:157} INFO - Started process (PID=170) to work on /home/airflow/dags/__init__.py
[2025-12-14T05:10:24.865+0000] {processor.py:829} INFO - Processing file /home/airflow/dags/__init__.py for tasks to queue
[2025-12-14T05:10:24.865+0000] {logging_mixin.py:154} INFO - [2025-12-14T05:10:24.865+0000] {dagbag.py:536} INFO - Filling up the DagBag from /home/airflow/dags/__init__.py
[2025-12-14T05:10:24.866+0000] {processor.py:841} WARNING - No viable dags retrieved from /home/airflow/dags/__init__.py
[2025-12-14T05:10:24.872+0000] {processor.py:179} INFO - Processing /home/airflow/dags/__init__.py took 0.015 seconds
[2025-12-14T05:10:55.033+0000] {processor.py:157} INFO - Started process (PID=173) to work on /home/airflow/dags/__init__.py
[2025-12-14T05:10:55.033+0000] {processor.py:829} INFO - Processing file /home/airflow/dags/__init__.py for tasks to queue
[2025-12-14T05:10:55.034+0000] {logging_mixin.py:154} INFO - [2025-12-14T05:10:55.033+0000] {dagbag.py:536} INFO - Filling up the DagBag from /home/airflow/dags/__init__.py
[2025-12-14T05:10:55.035+0000] {processor.py:841} WARNING - No viable dags retrieved from /home/airflow/dags/__init__.py
[2025-12-14T05:10:55.046+0000] {processor.py:179} INFO - Processing /home/airflow/dags/__init__.py took 0.015 seconds
[2025-12-14T05:11:25.205+0000] {processor.py:157} INFO - Started process (PID=176) to work on /home/airflow/dags/__init__.py
[2025-12-14T05:11:25.205+0000] {processor.py:829} INFO - Processing file /home/airflow/dags/__init__.py for tasks to queue
[2025-12-14T05:11:25.206+0000] {logging_mixin.py:154} INFO - [2025-12-14T05:11:25.206+0000] {dagbag.py:536} INFO - Filling up the DagBag from /home/airflow/dags/__init__.py
[2025-12-14T05:11:25.207+0000] {processor.py:841} WARNING - No viable dags retrieved from /home/airflow/dags/__init__.py
[2025-12-14T05:11:25.214+0000] {processor.py:179} INFO - Processing /home/airflow/dags/__init__.py took 0.011 seconds
[2025-12-14T05:11:55.378+0000] {processor.py:157} INFO - Started process (PID=179) to work on /home/airflow/dags/__init__.py
[2025-12-14T05:11:55.379+0000] {processor.py:829} INFO - Processing file /home/airflow/dags/__init__.py for tasks to queue
[2025-12-14T05:11:55.379+0000] {logging_mixin.py:154} INFO - [2025-12-14T05:11:55.379+0000] {dagbag.py:536} INFO - Filling up the DagBag from /home/airflow/dags/__init__.py
[2025-12-14T05:11:55.380+0000] {processor.py:841} WARNING - No viable dags retrieved from /home/airflow/dags/__init__.py
[2025-12-14T05:11:55.386+0000] {processor.py:179} INFO - Processing /home/airflow/dags/__init__.py took 0.011 seconds
[2025-12-14T05:12:26.709+0000] {processor.py:157} INFO - Started process (PID=182) to work on /home/airflow/dags/__init__.py
[2025-12-14T05:12:26.710+0000] {processor.py:829} INFO - Processing file /home/airflow/dags/__init__.py for tasks to queue
[2025-12-14T05:12:26.711+0000] {logging_mixin.py:154} INFO - [2025-12-14T05:12:26.710+0000] {dagbag.py:536} INFO - Filling up the DagBag from /home/airflow/dags/__init__.py
[2025-12-14T05:12:26.712+0000] {processor.py:841} WARNING - No viable dags retrieved from /home/airflow/dags/__init__.py
[2025-12-14T05:12:26.717+0000] {processor.py:179} INFO - Processing /home/airflow/dags/__init__.py took 0.009 seconds
[2025-12-14T05:12:56.889+0000] {processor.py:157} INFO - Started process (PID=185) to work on /home/airflow/dags/__init__.py
[2025-12-14T05:12:56.889+0000] {processor.py:829} INFO - Processing file /home/airflow/dags/__init__.py for tasks to queue
[2025-12-14T05:12:56.890+0000] {logging_mixin.py:154} INFO - [2025-12-14T05:12:56.890+0000] {dagbag.py:536} INFO - Filling up the DagBag from /home/airflow/dags/__init__.py
[2025-12-14T05:12:56.891+0000] {processor.py:841} WARNING - No viable dags retrieved from /home/airflow/dags/__init__.py
[2025-12-14T05:12:56.897+0000] {processor.py:179} INFO - Processing /home/airflow/dags/__init__.py took 0.009 seconds
[2025-12-14T05:13:27.171+0000] {processor.py:157} INFO - Started process (PID=188) to work on /home/airflow/dags/__init__.py
[2025-12-14T05:13:27.172+0000] {processor.py:829} INFO - Processing file /home/airflow/dags/__init__.py for tasks to queue
[2025-12-14T05:13:27.172+0000] {logging_mixin.py:154} INFO - [2025-12-14T05:13:27.172+0000] {dagbag.py:536} INFO - Filling up the DagBag from /home/airflow/dags/__init__.py
[2025-12-14T05:13:27.173+0000] {processor.py:841} WARNING - No viable dags retrieved from /home/airflow/dags/__init__.py
[2025-12-14T05:13:27.179+0000] {processor.py:179} INFO - Processing /home/airflow/dags/__init__.py took 0.009 seconds
[2025-12-14T05:13:57.347+0000] {processor.py:157} INFO - Started process (PID=191) to work on /home/airflow/dags/__init__.py
[2025-12-14T05:13:57.352+0000] {processor.py:829} INFO - Processing file /home/airflow/dags/__init__.py for tasks to queue
[2025-12-14T05:13:57.353+0000] {logging_mixin.py:154} INFO - [2025-12-14T05:13:57.353+0000] {dagbag.py:536} INFO - Filling up the DagBag from /home/airflow/dags/__init__.py
[2025-12-14T05:13:57.354+0000] {processor.py:841} WARNING - No viable dags retrieved from /home/airflow/dags/__init__.py
[2025-12-14T05:13:57.360+0000] {processor.py:179} INFO - Processing /home/airflow/dags/__init__.py took 0.015 seconds
[2025-12-14T05:14:27.524+0000] {processor.py:157} INFO - Started process (PID=194) to work on /home/airflow/dags/__init__.py
[2025-12-14T05:14:27.525+0000] {processor.py:829} INFO - Processing file /home/airflow/dags/__init__.py for tasks to queue
[2025-12-14T05:14:27.525+0000] {logging_mixin.py:154} INFO - [2025-12-14T05:14:27.525+0000] {dagbag.py:536} INFO - Filling up the DagBag from /home/airflow/dags/__init__.py
[2025-12-14T05:14:27.526+0000] {processor.py:841} WARNING - No viable dags retrieved from /home/airflow/dags/__init__.py
[2025-12-14T05:14:27.532+0000] {processor.py:179} INFO - Processing /home/airflow/dags/__init__.py took 0.009 seconds
[2025-12-14T05:14:57.822+0000] {processor.py:157} INFO - Started process (PID=197) to work on /home/airflow/dags/__init__.py
[2025-12-14T05:14:57.828+0000] {processor.py:829} INFO - Processing file /home/airflow/dags/__init__.py for tasks to queue
[2025-12-14T05:14:57.829+0000] {logging_mixin.py:154} INFO - [2025-12-14T05:14:57.828+0000] {dagbag.py:536} INFO - Filling up the DagBag from /home/airflow/dags/__init__.py
[2025-12-14T05:14:57.830+0000] {processor.py:841} WARNING - No viable dags retrieved from /home/airflow/dags/__init__.py
[2025-12-14T05:14:57.835+0000] {processor.py:179} INFO - Processing /home/airflow/dags/__init__.py took 0.015 seconds
[2025-12-14T05:15:28.116+0000] {processor.py:157} INFO - Started process (PID=200) to work on /home/airflow/dags/__init__.py
[2025-12-14T05:15:28.116+0000] {processor.py:829} INFO - Processing file /home/airflow/dags/__init__.py for tasks to queue
[2025-12-14T05:15:28.117+0000] {logging_mixin.py:154} INFO - [2025-12-14T05:15:28.117+0000] {dagbag.py:536} INFO - Filling up the DagBag from /home/airflow/dags/__init__.py
[2025-12-14T05:15:28.119+0000] {processor.py:841} WARNING - No viable dags retrieved from /home/airflow/dags/__init__.py
[2025-12-14T05:15:28.129+0000] {processor.py:179} INFO - Processing /home/airflow/dags/__init__.py took 0.015 seconds
[2025-12-14T05:15:58.402+0000] {processor.py:157} INFO - Started process (PID=203) to work on /home/airflow/dags/__init__.py
[2025-12-14T05:15:58.408+0000] {processor.py:829} INFO - Processing file /home/airflow/dags/__init__.py for tasks to queue
[2025-12-14T05:15:58.409+0000] {logging_mixin.py:154} INFO - [2025-12-14T05:15:58.409+0000] {dagbag.py:536} INFO - Filling up the DagBag from /home/airflow/dags/__init__.py
[2025-12-14T05:15:58.410+0000] {processor.py:841} WARNING - No viable dags retrieved from /home/airflow/dags/__init__.py
[2025-12-14T05:15:58.416+0000] {processor.py:179} INFO - Processing /home/airflow/dags/__init__.py took 0.015 seconds
[2025-12-14T05:16:28.687+0000] {processor.py:157} INFO - Started process (PID=206) to work on /home/airflow/dags/__init__.py
[2025-12-14T05:16:28.688+0000] {processor.py:829} INFO - Processing file /home/airflow/dags/__init__.py for tasks to queue
[2025-12-14T05:16:28.688+0000] {logging_mixin.py:154} INFO - [2025-12-14T05:16:28.688+0000] {dagbag.py:536} INFO - Filling up the DagBag from /home/airflow/dags/__init__.py
[2025-12-14T05:16:28.689+0000] {processor.py:841} WARNING - No viable dags retrieved from /home/airflow/dags/__init__.py
[2025-12-14T05:16:28.696+0000] {processor.py:179} INFO - Processing /home/airflow/dags/__init__.py took 0.011 seconds
[2025-12-14T05:16:58.977+0000] {processor.py:157} INFO - Started process (PID=209) to work on /home/airflow/dags/__init__.py
[2025-12-14T05:16:58.983+0000] {processor.py:829} INFO - Processing file /home/airflow/dags/__init__.py for tasks to queue
[2025-12-14T05:16:58.984+0000] {logging_mixin.py:154} INFO - [2025-12-14T05:16:58.984+0000] {dagbag.py:536} INFO - Filling up the DagBag from /home/airflow/dags/__init__.py
[2025-12-14T05:16:58.985+0000] {processor.py:841} WARNING - No viable dags retrieved from /home/airflow/dags/__init__.py
[2025-12-14T05:16:58.991+0000] {processor.py:179} INFO - Processing /home/airflow/dags/__init__.py took 0.015 seconds
[2025-12-14T05:17:29.287+0000] {processor.py:157} INFO - Started process (PID=212) to work on /home/airflow/dags/__init__.py
[2025-12-14T05:17:29.287+0000] {processor.py:829} INFO - Processing file /home/airflow/dags/__init__.py for tasks to queue
[2025-12-14T05:17:29.288+0000] {logging_mixin.py:154} INFO - [2025-12-14T05:17:29.288+0000] {dagbag.py:536} INFO - Filling up the DagBag from /home/airflow/dags/__init__.py
[2025-12-14T05:17:29.289+0000] {processor.py:841} WARNING - No viable dags retrieved from /home/airflow/dags/__init__.py
[2025-12-14T05:17:29.296+0000] {processor.py:179} INFO - Processing /home/airflow/dags/__init__.py took 0.011 seconds
[2025-12-14T05:17:59.486+0000] {processor.py:157} INFO - Started process (PID=215) to work on /home/airflow/dags/__init__.py
[2025-12-14T05:17:59.486+0000] {processor.py:829} INFO - Processing file /home/airflow/dags/__init__.py for tasks to queue
[2025-12-14T05:17:59.487+0000] {logging_mixin.py:154} INFO - [2025-12-14T05:17:59.487+0000] {dagbag.py:536} INFO - Filling up the DagBag from /home/airflow/dags/__init__.py
[2025-12-14T05:17:59.488+0000] {processor.py:841} WARNING - No viable dags retrieved from /home/airflow/dags/__init__.py
[2025-12-14T05:17:59.494+0000] {processor.py:179} INFO - Processing /home/airflow/dags/__init__.py took 0.010 seconds
[2025-12-14T05:18:29.782+0000] {processor.py:157} INFO - Started process (PID=218) to work on /home/airflow/dags/__init__.py
[2025-12-14T05:18:29.787+0000] {processor.py:829} INFO - Processing file /home/airflow/dags/__init__.py for tasks to queue
[2025-12-14T05:18:29.788+0000] {logging_mixin.py:154} INFO - [2025-12-14T05:18:29.788+0000] {dagbag.py:536} INFO - Filling up the DagBag from /home/airflow/dags/__init__.py
[2025-12-14T05:18:29.789+0000] {processor.py:841} WARNING - No viable dags retrieved from /home/airflow/dags/__init__.py
[2025-12-14T05:18:29.795+0000] {processor.py:179} INFO - Processing /home/airflow/dags/__init__.py took 0.015 seconds
[2025-12-14T05:19:00.088+0000] {processor.py:157} INFO - Started process (PID=221) to work on /home/airflow/dags/__init__.py
[2025-12-14T05:19:00.088+0000] {processor.py:829} INFO - Processing file /home/airflow/dags/__init__.py for tasks to queue
[2025-12-14T05:19:00.089+0000] {logging_mixin.py:154} INFO - [2025-12-14T05:19:00.088+0000] {dagbag.py:536} INFO - Filling up the DagBag from /home/airflow/dags/__init__.py
[2025-12-14T05:19:00.090+0000] {processor.py:841} WARNING - No viable dags retrieved from /home/airflow/dags/__init__.py
[2025-12-14T05:19:00.096+0000] {processor.py:179} INFO - Processing /home/airflow/dags/__init__.py took 0.009 seconds
[2025-12-14T05:19:30.370+0000] {processor.py:157} INFO - Started process (PID=224) to work on /home/airflow/dags/__init__.py
[2025-12-14T05:19:30.376+0000] {processor.py:829} INFO - Processing file /home/airflow/dags/__init__.py for tasks to queue
[2025-12-14T05:19:30.377+0000] {logging_mixin.py:154} INFO - [2025-12-14T05:19:30.376+0000] {dagbag.py:536} INFO - Filling up the DagBag from /home/airflow/dags/__init__.py
[2025-12-14T05:19:30.378+0000] {processor.py:841} WARNING - No viable dags retrieved from /home/airflow/dags/__init__.py
[2025-12-14T05:19:30.383+0000] {processor.py:179} INFO - Processing /home/airflow/dags/__init__.py took 0.015 seconds
[2025-12-14T05:20:00.653+0000] {processor.py:157} INFO - Started process (PID=227) to work on /home/airflow/dags/__init__.py
[2025-12-14T05:20:00.654+0000] {processor.py:829} INFO - Processing file /home/airflow/dags/__init__.py for tasks to queue
[2025-12-14T05:20:00.654+0000] {logging_mixin.py:154} INFO - [2025-12-14T05:20:00.654+0000] {dagbag.py:536} INFO - Filling up the DagBag from /home/airflow/dags/__init__.py
[2025-12-14T05:20:00.656+0000] {processor.py:841} WARNING - No viable dags retrieved from /home/airflow/dags/__init__.py
[2025-12-14T05:20:00.662+0000] {processor.py:179} INFO - Processing /home/airflow/dags/__init__.py took 0.010 seconds
[2025-12-14T05:20:30.958+0000] {processor.py:157} INFO - Started process (PID=230) to work on /home/airflow/dags/__init__.py
[2025-12-14T05:20:30.964+0000] {processor.py:829} INFO - Processing file /home/airflow/dags/__init__.py for tasks to queue
[2025-12-14T05:20:30.964+0000] {logging_mixin.py:154} INFO - [2025-12-14T05:20:30.964+0000] {dagbag.py:536} INFO - Filling up the DagBag from /home/airflow/dags/__init__.py
[2025-12-14T05:20:30.966+0000] {processor.py:841} WARNING - No viable dags retrieved from /home/airflow/dags/__init__.py
[2025-12-14T05:20:30.976+0000] {processor.py:179} INFO - Processing /home/airflow/dags/__init__.py took 0.022 seconds
[2025-12-14T05:21:01.261+0000] {processor.py:157} INFO - Started process (PID=233) to work on /home/airflow/dags/__init__.py
[2025-12-14T05:21:01.261+0000] {processor.py:829} INFO - Processing file /home/airflow/dags/__init__.py for tasks to queue
[2025-12-14T05:21:01.262+0000] {logging_mixin.py:154} INFO - [2025-12-14T05:21:01.261+0000] {dagbag.py:536} INFO - Filling up the DagBag from /home/airflow/dags/__init__.py
[2025-12-14T05:21:01.263+0000] {processor.py:841} WARNING - No viable dags retrieved from /home/airflow/dags/__init__.py
[2025-12-14T05:21:01.273+0000] {processor.py:179} INFO - Processing /home/airflow/dags/__init__.py took 0.015 seconds
[2025-12-14T05:21:31.425+0000] {processor.py:157} INFO - Started process (PID=236) to work on /home/airflow/dags/__init__.py
[2025-12-14T05:21:31.432+0000] {processor.py:829} INFO - Processing file /home/airflow/dags/__init__.py for tasks to queue
[2025-12-14T05:21:31.434+0000] {logging_mixin.py:154} INFO - [2025-12-14T05:21:31.433+0000] {dagbag.py:536} INFO - Filling up the DagBag from /home/airflow/dags/__init__.py
[2025-12-14T05:21:31.435+0000] {processor.py:841} WARNING - No viable dags retrieved from /home/airflow/dags/__init__.py
[2025-12-14T05:21:31.441+0000] {processor.py:179} INFO - Processing /home/airflow/dags/__init__.py took 0.018 seconds
[2025-12-14T05:22:01.589+0000] {processor.py:157} INFO - Started process (PID=239) to work on /home/airflow/dags/__init__.py
[2025-12-14T05:22:01.589+0000] {processor.py:829} INFO - Processing file /home/airflow/dags/__init__.py for tasks to queue
[2025-12-14T05:22:01.590+0000] {logging_mixin.py:154} INFO - [2025-12-14T05:22:01.589+0000] {dagbag.py:536} INFO - Filling up the DagBag from /home/airflow/dags/__init__.py
[2025-12-14T05:22:01.591+0000] {processor.py:841} WARNING - No viable dags retrieved from /home/airflow/dags/__init__.py
[2025-12-14T05:22:01.602+0000] {processor.py:179} INFO - Processing /home/airflow/dags/__init__.py took 0.015 seconds
[2025-12-14T05:22:31.751+0000] {processor.py:157} INFO - Started process (PID=242) to work on /home/airflow/dags/__init__.py
[2025-12-14T05:22:31.756+0000] {processor.py:829} INFO - Processing file /home/airflow/dags/__init__.py for tasks to queue
[2025-12-14T05:22:31.757+0000] {logging_mixin.py:154} INFO - [2025-12-14T05:22:31.757+0000] {dagbag.py:536} INFO - Filling up the DagBag from /home/airflow/dags/__init__.py
[2025-12-14T05:22:31.758+0000] {processor.py:841} WARNING - No viable dags retrieved from /home/airflow/dags/__init__.py
[2025-12-14T05:22:31.769+0000] {processor.py:179} INFO - Processing /home/airflow/dags/__init__.py took 0.024 seconds
[2025-12-14T05:23:01.915+0000] {processor.py:157} INFO - Started process (PID=245) to work on /home/airflow/dags/__init__.py
[2025-12-14T05:23:01.915+0000] {processor.py:829} INFO - Processing file /home/airflow/dags/__init__.py for tasks to queue
[2025-12-14T05:23:01.916+0000] {logging_mixin.py:154} INFO - [2025-12-14T05:23:01.916+0000] {dagbag.py:536} INFO - Filling up the DagBag from /home/airflow/dags/__init__.py
[2025-12-14T05:23:01.917+0000] {processor.py:841} WARNING - No viable dags retrieved from /home/airflow/dags/__init__.py
[2025-12-14T05:23:01.923+0000] {processor.py:179} INFO - Processing /home/airflow/dags/__init__.py took 0.015 seconds
[2025-12-14T05:23:32.081+0000] {processor.py:157} INFO - Started process (PID=248) to work on /home/airflow/dags/__init__.py
[2025-12-14T05:23:32.087+0000] {processor.py:829} INFO - Processing file /home/airflow/dags/__init__.py for tasks to queue
[2025-12-14T05:23:32.087+0000] {logging_mixin.py:154} INFO - [2025-12-14T05:23:32.087+0000] {dagbag.py:536} INFO - Filling up the DagBag from /home/airflow/dags/__init__.py
[2025-12-14T05:23:32.088+0000] {processor.py:841} WARNING - No viable dags retrieved from /home/airflow/dags/__init__.py
[2025-12-14T05:23:32.099+0000] {processor.py:179} INFO - Processing /home/airflow/dags/__init__.py took 0.020 seconds
[2025-12-14T05:24:02.242+0000] {processor.py:157} INFO - Started process (PID=251) to work on /home/airflow/dags/__init__.py
[2025-12-14T05:24:02.244+0000] {processor.py:829} INFO - Processing file /home/airflow/dags/__init__.py for tasks to queue
[2025-12-14T05:24:02.244+0000] {logging_mixin.py:154} INFO - [2025-12-14T05:24:02.244+0000] {dagbag.py:536} INFO - Filling up the DagBag from /home/airflow/dags/__init__.py
[2025-12-14T05:24:02.246+0000] {processor.py:841} WARNING - No viable dags retrieved from /home/airflow/dags/__init__.py
[2025-12-14T05:24:02.252+0000] {processor.py:179} INFO - Processing /home/airflow/dags/__init__.py took 0.015 seconds
[2025-12-14T05:24:33.430+0000] {processor.py:157} INFO - Started process (PID=254) to work on /home/airflow/dags/__init__.py
[2025-12-14T05:24:33.437+0000] {processor.py:829} INFO - Processing file /home/airflow/dags/__init__.py for tasks to queue
[2025-12-14T05:24:33.440+0000] {logging_mixin.py:154} INFO - [2025-12-14T05:24:33.439+0000] {dagbag.py:536} INFO - Filling up the DagBag from /home/airflow/dags/__init__.py
[2025-12-14T05:24:33.442+0000] {processor.py:841} WARNING - No viable dags retrieved from /home/airflow/dags/__init__.py
[2025-12-14T05:24:33.448+0000] {processor.py:179} INFO - Processing /home/airflow/dags/__init__.py took 0.020 seconds
[2025-12-14T05:25:03.707+0000] {processor.py:157} INFO - Started process (PID=257) to work on /home/airflow/dags/__init__.py
[2025-12-14T05:25:03.709+0000] {processor.py:829} INFO - Processing file /home/airflow/dags/__init__.py for tasks to queue
[2025-12-14T05:25:03.709+0000] {logging_mixin.py:154} INFO - [2025-12-14T05:25:03.709+0000] {dagbag.py:536} INFO - Filling up the DagBag from /home/airflow/dags/__init__.py
[2025-12-14T05:25:03.710+0000] {processor.py:841} WARNING - No viable dags retrieved from /home/airflow/dags/__init__.py
[2025-12-14T05:25:03.716+0000] {processor.py:179} INFO - Processing /home/airflow/dags/__init__.py took 0.016 seconds
[2025-12-14T05:25:34.089+0000] {processor.py:157} INFO - Started process (PID=260) to work on /home/airflow/dags/__init__.py
[2025-12-14T05:25:34.094+0000] {processor.py:829} INFO - Processing file /home/airflow/dags/__init__.py for tasks to queue
[2025-12-14T05:25:34.095+0000] {logging_mixin.py:154} INFO - [2025-12-14T05:25:34.095+0000] {dagbag.py:536} INFO - Filling up the DagBag from /home/airflow/dags/__init__.py
[2025-12-14T05:25:34.096+0000] {processor.py:841} WARNING - No viable dags retrieved from /home/airflow/dags/__init__.py
[2025-12-14T05:25:34.107+0000] {processor.py:179} INFO - Processing /home/airflow/dags/__init__.py took 0.025 seconds
[2025-12-14T05:26:04.347+0000] {processor.py:157} INFO - Started process (PID=263) to work on /home/airflow/dags/__init__.py
[2025-12-14T05:26:04.347+0000] {processor.py:829} INFO - Processing file /home/airflow/dags/__init__.py for tasks to queue
[2025-12-14T05:26:04.348+0000] {logging_mixin.py:154} INFO - [2025-12-14T05:26:04.348+0000] {dagbag.py:536} INFO - Filling up the DagBag from /home/airflow/dags/__init__.py
[2025-12-14T05:26:04.353+0000] {processor.py:841} WARNING - No viable dags retrieved from /home/airflow/dags/__init__.py
[2025-12-14T05:26:04.360+0000] {processor.py:179} INFO - Processing /home/airflow/dags/__init__.py took 0.015 seconds
[2025-12-14T05:26:34.567+0000] {processor.py:157} INFO - Started process (PID=266) to work on /home/airflow/dags/__init__.py
[2025-12-14T05:26:34.572+0000] {processor.py:829} INFO - Processing file /home/airflow/dags/__init__.py for tasks to queue
[2025-12-14T05:26:34.573+0000] {logging_mixin.py:154} INFO - [2025-12-14T05:26:34.573+0000] {dagbag.py:536} INFO - Filling up the DagBag from /home/airflow/dags/__init__.py
[2025-12-14T05:26:34.574+0000] {processor.py:841} WARNING - No viable dags retrieved from /home/airflow/dags/__init__.py
[2025-12-14T05:26:34.580+0000] {processor.py:179} INFO - Processing /home/airflow/dags/__init__.py took 0.015 seconds
[2025-12-14T05:27:04.799+0000] {processor.py:157} INFO - Started process (PID=269) to work on /home/airflow/dags/__init__.py
[2025-12-14T05:27:04.799+0000] {processor.py:829} INFO - Processing file /home/airflow/dags/__init__.py for tasks to queue
[2025-12-14T05:27:04.800+0000] {logging_mixin.py:154} INFO - [2025-12-14T05:27:04.800+0000] {dagbag.py:536} INFO - Filling up the DagBag from /home/airflow/dags/__init__.py
[2025-12-14T05:27:04.801+0000] {processor.py:841} WARNING - No viable dags retrieved from /home/airflow/dags/__init__.py
[2025-12-14T05:27:04.807+0000] {processor.py:179} INFO - Processing /home/airflow/dags/__init__.py took 0.012 seconds
[2025-12-14T05:27:35.064+0000] {processor.py:157} INFO - Started process (PID=272) to work on /home/airflow/dags/__init__.py
[2025-12-14T05:27:35.070+0000] {processor.py:829} INFO - Processing file /home/airflow/dags/__init__.py for tasks to queue
[2025-12-14T05:27:35.070+0000] {logging_mixin.py:154} INFO - [2025-12-14T05:27:35.070+0000] {dagbag.py:536} INFO - Filling up the DagBag from /home/airflow/dags/__init__.py
[2025-12-14T05:27:35.072+0000] {processor.py:841} WARNING - No viable dags retrieved from /home/airflow/dags/__init__.py
[2025-12-14T05:27:35.083+0000] {processor.py:179} INFO - Processing /home/airflow/dags/__init__.py took 0.023 seconds
[2025-12-14T05:28:05.331+0000] {processor.py:157} INFO - Started process (PID=275) to work on /home/airflow/dags/__init__.py
[2025-12-14T05:28:05.332+0000] {processor.py:829} INFO - Processing file /home/airflow/dags/__init__.py for tasks to queue
[2025-12-14T05:28:05.332+0000] {logging_mixin.py:154} INFO - [2025-12-14T05:28:05.332+0000] {dagbag.py:536} INFO - Filling up the DagBag from /home/airflow/dags/__init__.py
[2025-12-14T05:28:05.333+0000] {processor.py:841} WARNING - No viable dags retrieved from /home/airflow/dags/__init__.py
[2025-12-14T05:28:05.339+0000] {processor.py:179} INFO - Processing /home/airflow/dags/__init__.py took 0.010 seconds
[2025-12-14T05:28:36.851+0000] {processor.py:157} INFO - Started process (PID=278) to work on /home/airflow/dags/__init__.py
[2025-12-14T05:28:36.857+0000] {processor.py:829} INFO - Processing file /home/airflow/dags/__init__.py for tasks to queue
[2025-12-14T05:28:36.859+0000] {logging_mixin.py:154} INFO - [2025-12-14T05:28:36.858+0000] {dagbag.py:536} INFO - Filling up the DagBag from /home/airflow/dags/__init__.py
[2025-12-14T05:28:36.860+0000] {processor.py:841} WARNING - No viable dags retrieved from /home/airflow/dags/__init__.py
[2025-12-14T05:28:36.866+0000] {processor.py:179} INFO - Processing /home/airflow/dags/__init__.py took 0.016 seconds
[2025-12-14T05:29:07.534+0000] {processor.py:157} INFO - Started process (PID=281) to work on /home/airflow/dags/__init__.py
[2025-12-14T05:29:07.535+0000] {processor.py:829} INFO - Processing file /home/airflow/dags/__init__.py for tasks to queue
[2025-12-14T05:29:07.535+0000] {logging_mixin.py:154} INFO - [2025-12-14T05:29:07.535+0000] {dagbag.py:536} INFO - Filling up the DagBag from /home/airflow/dags/__init__.py
[2025-12-14T05:29:07.538+0000] {processor.py:841} WARNING - No viable dags retrieved from /home/airflow/dags/__init__.py
[2025-12-14T05:29:07.547+0000] {processor.py:179} INFO - Processing /home/airflow/dags/__init__.py took 0.014 seconds
[2025-12-14T05:29:38.633+0000] {processor.py:157} INFO - Started process (PID=284) to work on /home/airflow/dags/__init__.py
[2025-12-14T05:29:38.640+0000] {processor.py:829} INFO - Processing file /home/airflow/dags/__init__.py for tasks to queue
[2025-12-14T05:29:38.641+0000] {logging_mixin.py:154} INFO - [2025-12-14T05:29:38.641+0000] {dagbag.py:536} INFO - Filling up the DagBag from /home/airflow/dags/__init__.py
[2025-12-14T05:29:38.643+0000] {processor.py:841} WARNING - No viable dags retrieved from /home/airflow/dags/__init__.py
[2025-12-14T05:29:38.649+0000] {processor.py:179} INFO - Processing /home/airflow/dags/__init__.py took 0.017 seconds
[2025-12-14T05:30:09.103+0000] {processor.py:157} INFO - Started process (PID=287) to work on /home/airflow/dags/__init__.py
[2025-12-14T05:30:09.104+0000] {processor.py:829} INFO - Processing file /home/airflow/dags/__init__.py for tasks to queue
[2025-12-14T05:30:09.106+0000] {logging_mixin.py:154} INFO - [2025-12-14T05:30:09.105+0000] {dagbag.py:536} INFO - Filling up the DagBag from /home/airflow/dags/__init__.py
[2025-12-14T05:30:09.108+0000] {processor.py:841} WARNING - No viable dags retrieved from /home/airflow/dags/__init__.py
[2025-12-14T05:30:09.115+0000] {processor.py:179} INFO - Processing /home/airflow/dags/__init__.py took 0.015 seconds
[2025-12-14T05:30:39.464+0000] {processor.py:157} INFO - Started process (PID=290) to work on /home/airflow/dags/__init__.py
[2025-12-14T05:30:39.470+0000] {processor.py:829} INFO - Processing file /home/airflow/dags/__init__.py for tasks to queue
[2025-12-14T05:30:39.471+0000] {logging_mixin.py:154} INFO - [2025-12-14T05:30:39.471+0000] {dagbag.py:536} INFO - Filling up the DagBag from /home/airflow/dags/__init__.py
[2025-12-14T05:30:39.472+0000] {processor.py:841} WARNING - No viable dags retrieved from /home/airflow/dags/__init__.py
[2025-12-14T05:30:39.478+0000] {processor.py:179} INFO - Processing /home/airflow/dags/__init__.py took 0.016 seconds
[2025-12-14T05:31:09.828+0000] {processor.py:157} INFO - Started process (PID=293) to work on /home/airflow/dags/__init__.py
[2025-12-14T05:31:09.829+0000] {processor.py:829} INFO - Processing file /home/airflow/dags/__init__.py for tasks to queue
[2025-12-14T05:31:09.830+0000] {logging_mixin.py:154} INFO - [2025-12-14T05:31:09.829+0000] {dagbag.py:536} INFO - Filling up the DagBag from /home/airflow/dags/__init__.py
[2025-12-14T05:31:09.834+0000] {processor.py:841} WARNING - No viable dags retrieved from /home/airflow/dags/__init__.py
[2025-12-14T05:31:09.841+0000] {processor.py:179} INFO - Processing /home/airflow/dags/__init__.py took 0.014 seconds
[2025-12-14T05:31:40.195+0000] {processor.py:157} INFO - Started process (PID=296) to work on /home/airflow/dags/__init__.py
[2025-12-14T05:31:40.202+0000] {processor.py:829} INFO - Processing file /home/airflow/dags/__init__.py for tasks to queue
[2025-12-14T05:31:40.202+0000] {logging_mixin.py:154} INFO - [2025-12-14T05:31:40.202+0000] {dagbag.py:536} INFO - Filling up the DagBag from /home/airflow/dags/__init__.py
[2025-12-14T05:31:40.203+0000] {processor.py:841} WARNING - No viable dags retrieved from /home/airflow/dags/__init__.py
[2025-12-14T05:31:40.209+0000] {processor.py:179} INFO - Processing /home/airflow/dags/__init__.py took 0.016 seconds
[2025-12-14T05:32:10.559+0000] {processor.py:157} INFO - Started process (PID=299) to work on /home/airflow/dags/__init__.py
[2025-12-14T05:32:10.565+0000] {processor.py:829} INFO - Processing file /home/airflow/dags/__init__.py for tasks to queue
[2025-12-14T05:32:10.566+0000] {logging_mixin.py:154} INFO - [2025-12-14T05:32:10.566+0000] {dagbag.py:536} INFO - Filling up the DagBag from /home/airflow/dags/__init__.py
[2025-12-14T05:32:10.567+0000] {processor.py:841} WARNING - No viable dags retrieved from /home/airflow/dags/__init__.py
[2025-12-14T05:32:10.573+0000] {processor.py:179} INFO - Processing /home/airflow/dags/__init__.py took 0.016 seconds
[2025-12-14T05:32:41.035+0000] {processor.py:157} INFO - Started process (PID=302) to work on /home/airflow/dags/__init__.py
[2025-12-14T05:32:41.035+0000] {processor.py:829} INFO - Processing file /home/airflow/dags/__init__.py for tasks to queue
[2025-12-14T05:32:41.036+0000] {logging_mixin.py:154} INFO - [2025-12-14T05:32:41.036+0000] {dagbag.py:536} INFO - Filling up the DagBag from /home/airflow/dags/__init__.py
[2025-12-14T05:32:41.037+0000] {processor.py:841} WARNING - No viable dags retrieved from /home/airflow/dags/__init__.py
[2025-12-14T05:32:41.047+0000] {processor.py:179} INFO - Processing /home/airflow/dags/__init__.py took 0.014 seconds
[2025-12-14T05:33:12.100+0000] {processor.py:157} INFO - Started process (PID=305) to work on /home/airflow/dags/__init__.py
[2025-12-14T05:33:12.105+0000] {processor.py:829} INFO - Processing file /home/airflow/dags/__init__.py for tasks to queue
[2025-12-14T05:33:12.106+0000] {logging_mixin.py:154} INFO - [2025-12-14T05:33:12.106+0000] {dagbag.py:536} INFO - Filling up the DagBag from /home/airflow/dags/__init__.py
[2025-12-14T05:33:12.107+0000] {processor.py:841} WARNING - No viable dags retrieved from /home/airflow/dags/__init__.py
[2025-12-14T05:33:12.115+0000] {processor.py:179} INFO - Processing /home/airflow/dags/__init__.py took 0.019 seconds
[2025-12-14T05:33:42.572+0000] {processor.py:157} INFO - Started process (PID=308) to work on /home/airflow/dags/__init__.py
[2025-12-14T05:33:42.572+0000] {processor.py:829} INFO - Processing file /home/airflow/dags/__init__.py for tasks to queue
[2025-12-14T05:33:42.573+0000] {logging_mixin.py:154} INFO - [2025-12-14T05:33:42.573+0000] {dagbag.py:536} INFO - Filling up the DagBag from /home/airflow/dags/__init__.py
[2025-12-14T05:33:42.574+0000] {processor.py:841} WARNING - No viable dags retrieved from /home/airflow/dags/__init__.py
[2025-12-14T05:33:42.584+0000] {processor.py:179} INFO - Processing /home/airflow/dags/__init__.py took 0.015 seconds
[2025-12-14T05:34:12.759+0000] {processor.py:157} INFO - Started process (PID=311) to work on /home/airflow/dags/__init__.py
[2025-12-14T05:34:12.759+0000] {processor.py:829} INFO - Processing file /home/airflow/dags/__init__.py for tasks to queue
[2025-12-14T05:34:12.760+0000] {logging_mixin.py:154} INFO - [2025-12-14T05:34:12.760+0000] {dagbag.py:536} INFO - Filling up the DagBag from /home/airflow/dags/__init__.py
[2025-12-14T05:34:12.761+0000] {processor.py:841} WARNING - No viable dags retrieved from /home/airflow/dags/__init__.py
[2025-12-14T05:34:12.766+0000] {processor.py:179} INFO - Processing /home/airflow/dags/__init__.py took 0.009 seconds
[2025-12-14T05:34:43.154+0000] {processor.py:157} INFO - Started process (PID=314) to work on /home/airflow/dags/__init__.py
[2025-12-14T05:34:43.160+0000] {processor.py:829} INFO - Processing file /home/airflow/dags/__init__.py for tasks to queue
[2025-12-14T05:34:43.161+0000] {logging_mixin.py:154} INFO - [2025-12-14T05:34:43.160+0000] {dagbag.py:536} INFO - Filling up the DagBag from /home/airflow/dags/__init__.py
[2025-12-14T05:34:43.162+0000] {processor.py:841} WARNING - No viable dags retrieved from /home/airflow/dags/__init__.py
[2025-12-14T05:34:43.167+0000] {processor.py:179} INFO - Processing /home/airflow/dags/__init__.py took 0.015 seconds
[2025-12-14T05:35:13.918+0000] {processor.py:157} INFO - Started process (PID=317) to work on /home/airflow/dags/__init__.py
[2025-12-14T05:35:13.918+0000] {processor.py:829} INFO - Processing file /home/airflow/dags/__init__.py for tasks to queue
[2025-12-14T05:35:13.919+0000] {logging_mixin.py:154} INFO - [2025-12-14T05:35:13.919+0000] {dagbag.py:536} INFO - Filling up the DagBag from /home/airflow/dags/__init__.py
[2025-12-14T05:35:13.920+0000] {processor.py:841} WARNING - No viable dags retrieved from /home/airflow/dags/__init__.py
[2025-12-14T05:35:13.925+0000] {processor.py:179} INFO - Processing /home/airflow/dags/__init__.py took 0.009 seconds
[2025-12-14T05:35:44.405+0000] {processor.py:157} INFO - Started process (PID=320) to work on /home/airflow/dags/__init__.py
[2025-12-14T05:35:44.410+0000] {processor.py:829} INFO - Processing file /home/airflow/dags/__init__.py for tasks to queue
[2025-12-14T05:35:44.411+0000] {logging_mixin.py:154} INFO - [2025-12-14T05:35:44.411+0000] {dagbag.py:536} INFO - Filling up the DagBag from /home/airflow/dags/__init__.py
[2025-12-14T05:35:44.412+0000] {processor.py:841} WARNING - No viable dags retrieved from /home/airflow/dags/__init__.py
[2025-12-14T05:35:44.417+0000] {processor.py:179} INFO - Processing /home/airflow/dags/__init__.py took 0.014 seconds
[2025-12-14T05:36:14.664+0000] {processor.py:157} INFO - Started process (PID=323) to work on /home/airflow/dags/__init__.py
[2025-12-14T05:36:14.665+0000] {processor.py:829} INFO - Processing file /home/airflow/dags/__init__.py for tasks to queue
[2025-12-14T05:36:14.665+0000] {logging_mixin.py:154} INFO - [2025-12-14T05:36:14.665+0000] {dagbag.py:536} INFO - Filling up the DagBag from /home/airflow/dags/__init__.py
[2025-12-14T05:36:14.667+0000] {processor.py:841} WARNING - No viable dags retrieved from /home/airflow/dags/__init__.py
[2025-12-14T05:36:14.672+0000] {processor.py:179} INFO - Processing /home/airflow/dags/__init__.py took 0.009 seconds
[2025-12-14T05:36:44.963+0000] {processor.py:157} INFO - Started process (PID=326) to work on /home/airflow/dags/__init__.py
[2025-12-14T05:36:44.968+0000] {processor.py:829} INFO - Processing file /home/airflow/dags/__init__.py for tasks to queue
[2025-12-14T05:36:44.969+0000] {logging_mixin.py:154} INFO - [2025-12-14T05:36:44.969+0000] {dagbag.py:536} INFO - Filling up the DagBag from /home/airflow/dags/__init__.py
[2025-12-14T05:36:44.970+0000] {processor.py:841} WARNING - No viable dags retrieved from /home/airflow/dags/__init__.py
[2025-12-14T05:36:44.976+0000] {processor.py:179} INFO - Processing /home/airflow/dags/__init__.py took 0.015 seconds
